<?xml version="1.0" encoding="UTF-8"?>
<!-- Generated by org.testng.reporters.JUnitXMLReporter -->
<testsuite ignored="3" hostname="Safwans-MacBook-Air.local" failures="1" tests="2" name="Bank Manager Login" time="8.202" errors="0" timestamp="2023-08-15T02:28:53 IST">
  <testcase classname="com.zee.testcases.BankLogin" name="login" time="0.151"/>
  <testcase classname="com.zee.testcases.VerifURL" name="titleURL" time="0.129">
    <failure type="java.lang.AssertionError" message="expected [Protractor practice website - Banking App] but found [Protractor practice website - Banking App/]">
      <![CDATA[java.lang.AssertionError: expected [Protractor practice website - Banking App] but found [Protractor practice website - Banking App/]
at com.zee.testcases.VerifURL.titleURL(VerifURL.java:19)
at java.base/java.util.ArrayList.forEach(ArrayList.java:1511)
at com.intellij.rt.testng.IDEARemoteTestNG.run(IDEARemoteTestNG.java:66)
at com.intellij.rt.testng.RemoteTestNGStarter.main(RemoteTestNGStarter.java:105)
... Removed 30 stack frames]]>
    </failure>
  </testcase> <!-- titleURL -->
  <testcase classname="com.zee.testcases.VerifURL" name="CheckButton" time="0.0">
    <ignored/>
  </testcase> <!-- CheckButton -->
  <testcase classname="com.zee.base.TestBase" name="@AfterTest teardown" time="0.0">
    <ignored/>
  </testcase> <!-- @AfterTest teardown -->
  <testcase classname="com.zee.base.TestBase" name="@BeforeTest setup" time="0.0">
    <ignored/>
  </testcase> <!-- @BeforeTest setup -->
</testsuite> <!-- Bank Manager Login -->
